<?xml version="1.0" encoding="UTF-8"?>
<testsuite xmlns:xsi="http://www.w3.org/2001/XMLSchema-instance" xsi:noNamespaceSchemaLocation="https://maven.apache.org/surefire/maven-surefire-plugin/xsd/surefire-test-report.xsd" name="org.example.CreateOrderTest" time="8.138" tests="4" errors="0" skipped="0" failures="0">
  <properties>
[...]
</properties>
  <testcase name="orderCannotBeCreatedWithInvalidIngredientsTest" classname="org.example.CreateOrderTest" time="3.237"/>
  <testcase name="orderCanBeCreatedWithAuthAndValidIngredientsTest" classname="org.example.CreateOrderTest" time="3.179"/>
  <testcase name="orderCannotBeCreatedWithoutIngredientsTest" classname="org.example.CreateOrderTest" time="0.767"/>
  <testcase name="orderCanBeCreatedWithoutAuthTest" classname="org.example.CreateOrderTest" time="0.809"/>
</testsuite>